# JRE version: Java(TM) SE Runtime Environment (19.0.2+7) (build 19.0.2+7-44)
# Java VM: Java HotSpot(TM) 64-Bit Server VM (19.0.2+7-44, mixed mode, emulated-client, sharing, tiered, compressed oops, compressed class ptrs, g1 gc, windows-amd64)
GC Precious Log:
 CardTable entry size: 512
 Card Set container configuration: InlinePtr #cards 4 size 8 Array Of Cards #cards 16 size 48 Howl #buckets 8 coarsen threshold 3686 Howl Bitmap #cards 512 size 80 coarsen threshold 460 Card regions per heap region 1 cards per card region 4096
 CPUs: 12 total, 12 available
 Memory: 16163M
 Large Page Support: Disabled
 NUMA Support: Disabled
 Compressed Oops: Enabled (Zero based)
 Heap Region Size: 2M
 Heap Min Capacity: 8M
 Heap Initial Capacity: 254M
 Heap Max Capacity: 4042M
 Pre-touch: Disabled
 Parallel Workers: 10
 Concurrent Workers: 3
 Concurrent Refinement Workers: 10
 Periodic GC: Disabled
Heap:
 garbage-first heap   total 81920K, used 38288K [0x0000000703600000, 0x0000000800000000)
  region size 2048K, 2 young (4096K), 2 survivors (4096K)
 Metaspace       used 75457K, committed 76224K, reserved 1179648K
  class space    used 10661K, committed 11008K, reserved 1048576K
GC Heap History (20 events):
Event: 1.835 GC heap after
{Heap after GC invocations=7 (full 0):
 garbage-first heap   total 161792K, used 19017K [0x0000000703600000, 0x0000000800000000)
  region size 2048K, 2 young (4096K), 2 survivors (4096K)
 Metaspace       used 29300K, committed 29824K, reserved 1114112K
  class space    used 3920K, committed 4160K, reserved 1048576K
}
Event: 2.200 GC heap before
{Heap before GC invocations=7 (full 0):
 garbage-first heap   total 161792K, used 51785K [0x0000000703600000, 0x0000000800000000)
  region size 2048K, 19 young (38912K), 2 survivors (4096K)
 Metaspace       used 35548K, committed 36096K, reserved 1114112K
  class space    used 4823K, committed 5056K, reserved 1048576K
}
Event: 2.203 GC heap after
{Heap after GC invocations=8 (full 0):
 garbage-first heap   total 161792K, used 20701K [0x0000000703600000, 0x0000000800000000)
  region size 2048K, 3 young (6144K), 3 survivors (6144K)
 Metaspace       used 35548K, committed 36096K, reserved 1114112K
  class space    used 4823K, committed 5056K, reserved 1048576K
}
Event: 2.783 GC heap before
{Heap before GC invocations=9 (full 0):
 garbage-first heap   total 81920K, used 63709K [0x0000000703600000, 0x0000000800000000)
  region size 2048K, 24 young (49152K), 3 survivors (6144K)
 Metaspace       used 48785K, committed 49472K, reserved 1114112K
  class space    used 6559K, committed 6912K, reserved 1048576K
}
Event: 2.788 GC heap after
{Heap after GC invocations=10 (full 0):
 garbage-first heap   total 81920K, used 24730K [0x0000000703600000, 0x0000000800000000)
  region size 2048K, 3 young (6144K), 3 survivors (6144K)
 Metaspace       used 48785K, committed 49472K, reserved 1114112K
  class space    used 6559K, committed 6912K, reserved 1048576K
}
Event: 2.810 GC heap before
{Heap before GC invocations=10 (full 0):
 garbage-first heap   total 81920K, used 26778K [0x0000000703600000, 0x0000000800000000)
  region size 2048K, 4 young (8192K), 3 survivors (6144K)
 Metaspace       used 49173K, committed 49792K, reserved 1114112K
  class space    used 6615K, committed 6912K, reserved 1048576K
}
Event: 2.814 GC heap after
{Heap after GC invocations=11 (full 0):
 garbage-first heap   total 81920K, used 24403K [0x0000000703600000, 0x0000000800000000)
  region size 2048K, 1 young (2048K), 1 survivors (2048K)
 Metaspace       used 49173K, committed 49792K, reserved 1114112K
  class space    used 6615K, committed 6912K, reserved 1048576K
}
Event: 3.271 GC heap before
{Heap before GC invocations=11 (full 0):
 garbage-first heap   total 81920K, used 57171K [0x0000000703600000, 0x0000000800000000)
  region size 2048K, 18 young (36864K), 1 survivors (2048K)
 Metaspace       used 55781K, committed 56448K, reserved 1114112K
  class space    used 7671K, committed 8000K, reserved 1048576K
}
Event: 3.272 GC heap after
{Heap after GC invocations=12 (full 0):
 garbage-first heap   total 81920K, used 24932K [0x0000000703600000, 0x0000000800000000)
  region size 2048K, 1 young (2048K), 1 survivors (2048K)
 Metaspace       used 55781K, committed 56448K, reserved 1114112K
  class space    used 7671K, committed 8000K, reserved 1048576K
}
Event: 3.517 GC heap before
{Heap before GC invocations=12 (full 0):
 garbage-first heap   total 81920K, used 45412K [0x0000000703600000, 0x0000000800000000)
  region size 2048K, 12 young (24576K), 1 survivors (2048K)
 Metaspace       used 59759K, committed 60480K, reserved 1114112K
  class space    used 8222K, committed 8576K, reserved 1048576K
}
Event: 3.520 GC heap after
{Heap after GC invocations=13 (full 0):
 garbage-first heap   total 81920K, used 26659K [0x0000000703600000, 0x0000000800000000)
  region size 2048K, 2 young (4096K), 2 survivors (4096K)
 Metaspace       used 59759K, committed 60480K, reserved 1114112K
  class space    used 8222K, committed 8576K, reserved 1048576K
}
Event: 4.030 GC heap before
{Heap before GC invocations=14 (full 0):
 garbage-first heap   total 81920K, used 61475K [0x0000000703600000, 0x0000000800000000)
  region size 2048K, 19 young (38912K), 2 survivors (4096K)
 Metaspace       used 63253K, committed 63936K, reserved 1114112K
  class space    used 8733K, committed 9024K, reserved 1048576K
}
Event: 4.033 GC heap after
{Heap after GC invocations=15 (full 0):
 garbage-first heap   total 81920K, used 29509K [0x0000000703600000, 0x0000000800000000)
  region size 2048K, 3 young (6144K), 3 survivors (6144K)
 Metaspace       used 63253K, committed 63936K, reserved 1114112K
  class space    used 8733K, committed 9024K, reserved 1048576K
}
Event: 4.295 GC heap before
{Heap before GC invocations=15 (full 0):
 garbage-first heap   total 81920K, used 60229K [0x0000000703600000, 0x0000000800000000)
  region size 2048K, 19 young (38912K), 3 survivors (6144K)
 Metaspace       used 67407K, committed 68096K, reserved 1114112K
  class space    used 9532K, committed 9856K, reserved 1048576K
}
Event: 4.300 GC heap after
{Heap after GC invocations=16 (full 0):
 garbage-first heap   total 81920K, used 32227K [0x0000000703600000, 0x0000000800000000)
  region size 2048K, 3 young (6144K), 3 survivors (6144K)
 Metaspace       used 67407K, committed 68096K, reserved 1114112K
  class space    used 9532K, committed 9856K, reserved 1048576K
}
Event: 4.599 GC heap before
{Heap before GC invocations=16 (full 0):
 garbage-first heap   total 81920K, used 62947K [0x0000000703600000, 0x0000000800000000)
  region size 2048K, 18 young (36864K), 3 survivors (6144K)
 Metaspace       used 69145K, committed 69824K, reserved 1114112K
  class space    used 9769K, committed 10112K, reserved 1048576K
}
Event: 4.602 GC heap after
{Heap after GC invocations=17 (full 0):
 garbage-first heap   total 81920K, used 34098K [0x0000000703600000, 0x0000000800000000)
  region size 2048K, 3 young (6144K), 3 survivors (6144K)
 Metaspace       used 69145K, committed 69824K, reserved 1114112K
  class space    used 9769K, committed 10112K, reserved 1048576K
}
Event: 4.900 GC heap before
{Heap before GC invocations=17 (full 0):
 garbage-first heap   total 81920K, used 62770K [0x0000000703600000, 0x0000000800000000)
  region size 2048K, 17 young (34816K), 3 survivors (6144K)
 Metaspace       used 71272K, committed 72000K, reserved 1114112K
  class space    used 10094K, committed 10432K, reserved 1048576K
}
Event: 4.904 GC heap after
{Heap after GC invocations=18 (full 0):
 garbage-first heap   total 81920K, used 36477K [0x0000000703600000, 0x0000000800000000)
  region size 2048K, 3 young (6144K), 3 survivors (6144K)
 Metaspace       used 71272K, committed 72000K, reserved 1114112K
  class space    used 10094K, committed 10432K, reserved 1048576K
}
Event: 8.650 GC heap before
{Heap before GC invocations=18 (full 0):
 garbage-first heap   total 81920K, used 61053K [0x0000000703600000, 0x0000000800000000)
  region size 2048K, 16 young (32768K), 3 survivors (6144K)
 Metaspace       used 75457K, committed 76224K, reserved 1179648K
  class space    used 10661K, committed 11008K, reserved 1048576K
}

